<?xml version="1.0" encoding="UTF-8"?>
<!-- Generated by org.testng.reporters.JUnitXMLReporter -->
<testsuite hostname="Nikitas-MacBook-Pro.local" failures="0" tests="4" name="Test" time="0.011" errors="0" timestamp="8 Jun 2024 20:31:24 GMT">
  <testcase classname="Qtrip.QtripProject.tests.testCase_01" name="TestCase01" time="0.0">
    <skipped/>
  </testcase> <!-- TestCase01 -->
  <testcase classname="Qtrip.QtripProject.tests.testCase_02" name="TestCase02" time="0.0">
    <skipped/>
  </testcase> <!-- TestCase02 -->
  <testcase classname="Qtrip.QtripProject.tests.testCase_03" name="TestCase03" time="0.0">
    <skipped/>
  </testcase> <!-- TestCase03 -->
  <testcase classname="Qtrip.QtripProject.tests.testCase_04" name="TestCase04" time="0.0">
    <skipped/>
  </testcase> <!-- TestCase04 -->
</testsuite> <!-- Test -->
